[INFO]

		********** Running dockerfile rebuild script on 2022-09-14 09:34:10.448861 ********** 


[INFO] Updated docker/devel/Dockerfile with version 0.1.2.
[INFO] Updated docker/latest/Dockerfile with version 0.1.2.
[INFO] Running docker build -t abhibp1993/ggsolver:devel docker\devel
[INFO] SUCCESS!! Updated abhibp1993/ggsolver:devel image.
[INFO] Running docker push abhibp1993/ggsolver:devel
[INFO] SUCCESS!! Pushed abhibp1993/ggsolver:devel image.
[INFO] Running docker build -t abhibp1993/ggsolver:latest docker\latest
[INFO] SUCCESS!! Updated abhibp1993/ggsolver:latest image.
[INFO] Running docker push abhibp1993/ggsolver:latest
[INFO] SUCCESS!! Pushed abhibp1993/ggsolver:latest image.
[INFO] 

		********** Running dockerfile rebuild script on 2022-09-17 15:21:48.567475 ********** 


[INFO] Updated docker/devel/Dockerfile with version 0.1.3.
[INFO] Updated docker/latest/Dockerfile with version 0.1.3.
[INFO] Running docker build -t abhibp1993/ggsolver:devel docker\devel
[INFO] SUCCESS!! Updated abhibp1993/ggsolver:devel image.
[INFO] Running docker push abhibp1993/ggsolver:devel
[INFO] PROBLEMS!! Did NOT push abhibp1993/ggsolver:devel image.
[INFO] Running docker build -t abhibp1993/ggsolver:latest docker\latest
[INFO] SUCCESS!! Updated abhibp1993/ggsolver:latest image.
[INFO] Running docker push abhibp1993/ggsolver:latest
[INFO] PROBLEMS!! Did NOT push abhibp1993/ggsolver:latest image.
[INFO] 

		********** Running dockerfile rebuild script on 2022-09-17 15:22:21.322606 ********** 


[INFO] Updated docker/devel/Dockerfile with version 0.1.3.
[INFO] Updated docker/latest/Dockerfile with version 0.1.3.
[INFO] Running docker build -t abhibp1993/ggsolver:devel docker\devel
[INFO] SUCCESS!! Updated abhibp1993/ggsolver:devel image.
[INFO] Running docker push abhibp1993/ggsolver:devel
[INFO] SUCCESS!! Pushed abhibp1993/ggsolver:devel image.
[INFO] Running docker build -t abhibp1993/ggsolver:latest docker\latest
[INFO] SUCCESS!! Updated abhibp1993/ggsolver:latest image.
[INFO] Running docker push abhibp1993/ggsolver:latest
[INFO] SUCCESS!! Pushed abhibp1993/ggsolver:latest image.
[INFO] 

		********** Running dockerfile rebuild script on 2022-09-22 21:34:32.733699 ********** 


[INFO] Updated docker/devel/Dockerfile with version 0.1.4.
[INFO] Updated docker/latest/Dockerfile with version 0.1.4.
[INFO] Running docker build -t abhibp1993/ggsolver:devel docker\devel
[INFO] SUCCESS!! Updated abhibp1993/ggsolver:devel image.
[INFO] Running docker push abhibp1993/ggsolver:devel
[INFO] PROBLEMS!! Did NOT push abhibp1993/ggsolver:devel image.
[INFO] Running docker build -t abhibp1993/ggsolver:latest docker\latest
[INFO] SUCCESS!! Updated abhibp1993/ggsolver:latest image.
[INFO] Running docker push abhibp1993/ggsolver:latest
[INFO] PROBLEMS!! Did NOT push abhibp1993/ggsolver:latest image.
[INFO] 

		********** Running dockerfile rebuild script on 2022-09-22 21:35:04.516457 ********** 


[INFO] Updated docker/devel/Dockerfile with version 0.1.4.
[INFO] Updated docker/latest/Dockerfile with version 0.1.4.
[INFO] Running docker build -t abhibp1993/ggsolver:devel docker\devel
[INFO] SUCCESS!! Updated abhibp1993/ggsolver:devel image.
[INFO] Running docker push abhibp1993/ggsolver:devel
[INFO] SUCCESS!! Pushed abhibp1993/ggsolver:devel image.
[INFO] Running docker build -t abhibp1993/ggsolver:latest docker\latest
[INFO] SUCCESS!! Updated abhibp1993/ggsolver:latest image.
[INFO] Running docker push abhibp1993/ggsolver:latest
[INFO] SUCCESS!! Pushed abhibp1993/ggsolver:latest image.
[INFO] 

		********** Running dockerfile rebuild script on 2022-09-22 21:38:58.148099 ********** 


[INFO] Updated docker/devel/Dockerfile with version 0.1.4.
[INFO] Updated docker/latest/Dockerfile with version 0.1.4.
[INFO] Running docker build -t abhibp1993/ggsolver:devel docker\devel
[INFO] SUCCESS!! Updated abhibp1993/ggsolver:devel image.
[INFO] Running docker push abhibp1993/ggsolver:devel
[INFO] SUCCESS!! Pushed abhibp1993/ggsolver:devel image.
[INFO] Running docker build -t abhibp1993/ggsolver:latest docker\latest
[INFO] SUCCESS!! Updated abhibp1993/ggsolver:latest image.
[INFO] Running docker push abhibp1993/ggsolver:latest
[INFO] SUCCESS!! Pushed abhibp1993/ggsolver:latest image.
